# JRE version: OpenJDK Runtime Environment (8.0_242-b01) (build 1.8.0_242-release-1644-b01)
# Java VM: OpenJDK 64-Bit Server VM (25.242-b01 mixed mode windows-amd64 compressed oops)
Heap:
 PSYoungGen      total 642560K, used 473380K [0x00000000d5580000, 0x0000000100000000, 0x0000000100000000)
  eden space 589312K, 79% used [0x00000000d5580000,0x00000000f1eac408,0x00000000f9500000)
  from space 53248K, 9% used [0x00000000f9500000,0x00000000f9a1cde0,0x00000000fc900000)
  to   space 52224K, 0% used [0x00000000fcd00000,0x00000000fcd00000,0x0000000100000000)
 ParOldGen       total 648192K, used 502322K [0x0000000080000000, 0x00000000a7900000, 0x00000000d5580000)
  object space 648192K, 77% used [0x0000000080000000,0x000000009ea8cbb0,0x00000000a7900000)
 Metaspace       used 237493K, capacity 249317K, committed 249624K, reserved 1267712K
  class space    used 29479K, capacity 31707K, committed 31792K, reserved 1048576K
GC Heap History (10 events):
Event: 4961.010 GC heap before
{Heap before GC invocations=144 (full 9):
 PSYoungGen      total 638464K, used 615288K [0x00000000d5580000, 0x0000000100000000, 0x0000000100000000)
  eden space 581120K, 100% used [0x00000000d5580000,0x00000000f8d00000,0x00000000f8d00000)
  from space 57344K, 59% used [0x00000000fc800000,0x00000000fe95e070,0x0000000100000000)
  to   space 58880K, 0% used [0x00000000f8d00000,0x00000000f8d00000,0x00000000fc680000)
 ParOldGen       total 648192K, used 441860K [0x0000000080000000, 0x00000000a7900000, 0x00000000d5580000)
  object space 648192K, 68% used [0x0000000080000000,0x000000009af81258,0x00000000a7900000)
 Metaspace       used 237458K, capacity 249291K, committed 249624K, reserved 1267712K
  class space    used 29475K, capacity 31702K, committed 31792K, reserved 1048576K
Event: 4961.039 GC heap after
Heap after GC invocations=144 (full 9):
 PSYoungGen      total 640000K, used 11545K [0x00000000d5580000, 0x00000000fff80000, 0x0000000100000000)
  eden space 581120K, 0% used [0x00000000d5580000,0x00000000d5580000,0x00000000f8d00000)
  from space 58880K, 19% used [0x00000000f8d00000,0x00000000f9846468,0x00000000fc680000)
  to   space 57856K, 0% used [0x00000000fc700000,0x00000000fc700000,0x00000000fff80000)
 ParOldGen       total 648192K, used 471396K [0x0000000080000000, 0x00000000a7900000, 0x00000000d5580000)
  object space 648192K, 72% used [0x0000000080000000,0x000000009cc59360,0x00000000a7900000)
 Metaspace       used 237458K, capacity 249291K, committed 249624K, reserved 1267712K
  class space    used 29475K, capacity 31702K, committed 31792K, reserved 1048576K
}
Event: 4961.559 GC heap before
{Heap before GC invocations=145 (full 9):
 PSYoungGen      total 640000K, used 592665K [0x00000000d5580000, 0x00000000fff80000, 0x0000000100000000)
  eden space 581120K, 100% used [0x00000000d5580000,0x00000000f8d00000,0x00000000f8d00000)
  from space 58880K, 19% used [0x00000000f8d00000,0x00000000f9846468,0x00000000fc680000)
  to   space 57856K, 0% used [0x00000000fc700000,0x00000000fc700000,0x00000000fff80000)
 ParOldGen       total 648192K, used 471396K [0x0000000080000000, 0x00000000a7900000, 0x00000000d5580000)
  object space 648192K, 72% used [0x0000000080000000,0x000000009cc59360,0x00000000a7900000)
 Metaspace       used 237462K, capacity 249293K, committed 249624K, reserved 1267712K
  class space    used 29476K, capacity 31703K, committed 31792K, reserved 1048576K
Event: 4961.579 GC heap after
Heap after GC invocations=145 (full 9):
 PSYoungGen      total 634368K, used 16841K [0x00000000d5580000, 0x00000000ffa00000, 0x0000000100000000)
  eden space 582144K, 0% used [0x00000000d5580000,0x00000000d5580000,0x00000000f8e00000)
  from space 52224K, 32% used [0x00000000fc700000,0x00000000fd772460,0x00000000ffa00000)
  to   space 55296K, 0% used [0x00000000f8e00000,0x00000000f8e00000,0x00000000fc400000)
 ParOldGen       total 648192K, used 476352K [0x0000000080000000, 0x00000000a7900000, 0x00000000d5580000)
  object space 648192K, 73% used [0x0000000080000000,0x000000009d130238,0x00000000a7900000)
 Metaspace       used 237462K, capacity 249293K, committed 249624K, reserved 1267712K
  class space    used 29476K, capacity 31703K, committed 31792K, reserved 1048576K
}
Event: 4962.000 GC heap before
{Heap before GC invocations=146 (full 9):
 PSYoungGen      total 634368K, used 598985K [0x00000000d5580000, 0x00000000ffa00000, 0x0000000100000000)
  eden space 582144K, 100% used [0x00000000d5580000,0x00000000f8e00000,0x00000000f8e00000)
  from space 52224K, 32% used [0x00000000fc700000,0x00000000fd772460,0x00000000ffa00000)
  to   space 55296K, 0% used [0x00000000f8e00000,0x00000000f8e00000,0x00000000fc400000)
 ParOldGen       total 648192K, used 476352K [0x0000000080000000, 0x00000000a7900000, 0x00000000d5580000)
  object space 648192K, 73% used [0x0000000080000000,0x000000009d130238,0x00000000a7900000)
 Metaspace       used 237469K, capacity 249299K, committed 249624K, reserved 1267712K
  class space    used 29477K, capacity 31704K, committed 31792K, reserved 1048576K
Event: 4962.018 GC heap after
Heap after GC invocations=146 (full 9):
 PSYoungGen      total 637440K, used 9206K [0x00000000d5580000, 0x0000000100000000, 0x0000000100000000)
  eden space 582144K, 0% used [0x00000000d5580000,0x00000000d5580000,0x00000000f8e00000)
  from space 55296K, 16% used [0x00000000f8e00000,0x00000000f96fd820,0x00000000fc400000)
  to   space 54272K, 0% used [0x00000000fcb00000,0x00000000fcb00000,0x0000000100000000)
 ParOldGen       total 648192K, used 489241K [0x0000000080000000, 0x00000000a7900000, 0x00000000d5580000)
  object space 648192K, 75% used [0x0000000080000000,0x000000009ddc66b8,0x00000000a7900000)
 Metaspace       used 237469K, capacity 249299K, committed 249624K, reserved 1267712K
  class space    used 29477K, capacity 31704K, committed 31792K, reserved 1048576K
}
Event: 4962.328 GC heap before
{Heap before GC invocations=147 (full 9):
 PSYoungGen      total 637440K, used 591350K [0x00000000d5580000, 0x0000000100000000, 0x0000000100000000)
  eden space 582144K, 100% used [0x00000000d5580000,0x00000000f8e00000,0x00000000f8e00000)
  from space 55296K, 16% used [0x00000000f8e00000,0x00000000f96fd820,0x00000000fc400000)
  to   space 54272K, 0% used [0x00000000fcb00000,0x00000000fcb00000,0x0000000100000000)
 ParOldGen       total 648192K, used 489241K [0x0000000080000000, 0x00000000a7900000, 0x00000000d5580000)
  object space 648192K, 75% used [0x0000000080000000,0x000000009ddc66b8,0x00000000a7900000)
 Metaspace       used 237473K, capacity 249299K, committed 249624K, reserved 1267712K
  class space    used 29477K, capacity 31704K, committed 31792K, reserved 1048576K
Event: 4962.343 GC heap after
Heap after GC invocations=147 (full 9):
 PSYoungGen      total 640512K, used 8229K [0x00000000d5580000, 0x00000000ffd00000, 0x0000000100000000)
  eden space 589312K, 0% used [0x00000000d5580000,0x00000000d5580000,0x00000000f9500000)
  from space 51200K, 16% used [0x00000000fcb00000,0x00000000fd3095e8,0x00000000ffd00000)
  to   space 53248K, 0% used [0x00000000f9500000,0x00000000f9500000,0x00000000fc900000)
 ParOldGen       total 648192K, used 495795K [0x0000000080000000, 0x00000000a7900000, 0x00000000d5580000)
  object space 648192K, 76% used [0x0000000080000000,0x000000009e42ce60,0x00000000a7900000)
 Metaspace       used 237473K, capacity 249299K, committed 249624K, reserved 1267712K
  class space    used 29477K, capacity 31704K, committed 31792K, reserved 1048576K
}
Event: 4962.866 GC heap before
{Heap before GC invocations=148 (full 9):
 PSYoungGen      total 640512K, used 597541K [0x00000000d5580000, 0x00000000ffd00000, 0x0000000100000000)
  eden space 589312K, 100% used [0x00000000d5580000,0x00000000f9500000,0x00000000f9500000)
  from space 51200K, 16% used [0x00000000fcb00000,0x00000000fd3095e8,0x00000000ffd00000)
  to   space 53248K, 0% used [0x00000000f9500000,0x00000000f9500000,0x00000000fc900000)
 ParOldGen       total 648192K, used 495795K [0x0000000080000000, 0x00000000a7900000, 0x00000000d5580000)
  object space 648192K, 76% used [0x0000000080000000,0x000000009e42ce60,0x00000000a7900000)
 Metaspace       used 237481K, capacity 249299K, committed 249624K, reserved 1267712K
  class space    used 29477K, capacity 31704K, committed 31792K, reserved 1048576K
Event: 4962.880 GC heap after
Heap after GC invocations=148 (full 9):
 PSYoungGen      total 642560K, used 5235K [0x00000000d5580000, 0x0000000100000000, 0x0000000100000000)
  eden space 589312K, 0% used [0x00000000d5580000,0x00000000d5580000,0x00000000f9500000)
  from space 53248K, 9% used [0x00000000f9500000,0x00000000f9a1cde0,0x00000000fc900000)
  to   space 52224K, 0% used [0x00000000fcd00000,0x00000000fcd00000,0x0000000100000000)
 ParOldGen       total 648192K, used 502322K [0x0000000080000000, 0x00000000a7900000, 0x00000000d5580000)
  object space 648192K, 77% used [0x0000000080000000,0x000000009ea8cbb0,0x00000000a7900000)
 Metaspace       used 237481K, capacity 249299K, committed 249624K, reserved 1267712K
  class space    used 29477K, capacity 31704K, committed 31792K, reserved 1048576K
}

